<?xml version="1.0" encoding="UTF-8"?>
<testng-results ignored="0" total="2" passed="2" failed="0" skipped="0">
  <reporter-output>
  </reporter-output>
  <suite started-at="2025-02-25T11:50:35 IST" name="Default suite" finished-at="2025-02-25T11:51:54 IST" duration-ms="78846">
    <groups>
      <group name="cucumber">
        <method signature="AbstractTestNGCucumberTests.runScenario(io.cucumber.testng.PickleWrapper,io.cucumber.testng.FeatureWrapper)[pri:0, instance:TestRunner.Guru99TestRunner@3eb738bb]" name="runScenario" class="io.cucumber.testng.AbstractTestNGCucumberTests"/>
      </group> <!-- cucumber -->
    </groups>
    <test started-at="2025-02-25T11:50:35 IST" name="Default test" finished-at="2025-02-25T11:51:54 IST" duration-ms="78846">
      <class name="TestRunner.Guru99TestRunner">
        <test-method is-config="true" signature="setUpClass(org.testng.ITestContext)[pri:0, instance:TestRunner.Guru99TestRunner@3eb738bb]" started-at="2025-02-25T11:50:35 IST" name="setUpClass" finished-at="2025-02-25T11:50:36 IST" duration-ms="798" status="PASS">
          <params>
            <param index="0">
              <value>
                <![CDATA[org.testng.TestRunner@7ba93755]]>
              </value>
            </param>
          </params>
          <reporter-output>
          </reporter-output>
        </test-method> <!-- setUpClass -->
        <test-method signature="runScenario(io.cucumber.testng.PickleWrapper,io.cucumber.testng.FeatureWrapper)[pri:0, instance:TestRunner.Guru99TestRunner@3eb738bb]" started-at="2025-02-25T11:50:36 IST" name="runScenario" description="Runs Cucumber Scenarios" data-provider="scenarios" finished-at="2025-02-25T11:51:24 IST" duration-ms="48544" status="PASS">
          <params>
            <param index="0">
              <value>
                <![CDATA["Test the user input"]]>
              </value>
            </param>
            <param index="1">
              <value>
                <![CDATA["Test Registration page functionality"]]>
              </value>
            </param>
          </params>
          <reporter-output>
          </reporter-output>
        </test-method> <!-- runScenario -->
        <test-method signature="runScenario(io.cucumber.testng.PickleWrapper,io.cucumber.testng.FeatureWrapper)[pri:0, instance:TestRunner.Guru99TestRunner@3eb738bb]" started-at="2025-02-25T11:51:24 IST" name="runScenario" description="Runs Cucumber Scenarios" data-provider="scenarios" finished-at="2025-02-25T11:51:54 IST" duration-ms="29394" status="PASS">
          <params>
            <param index="0">
              <value>
                <![CDATA["Test the user input"]]>
              </value>
            </param>
            <param index="1">
              <value>
                <![CDATA["Test Registration page functionality"]]>
              </value>
            </param>
          </params>
          <reporter-output>
          </reporter-output>
        </test-method> <!-- runScenario -->
        <test-method is-config="true" signature="tearDownClass()[pri:0, instance:TestRunner.Guru99TestRunner@3eb738bb]" started-at="2025-02-25T11:51:54 IST" name="tearDownClass" finished-at="2025-02-25T11:51:54 IST" duration-ms="30" status="PASS">
          <reporter-output>
          </reporter-output>
        </test-method> <!-- tearDownClass -->
      </class> <!-- TestRunner.Guru99TestRunner -->
    </test> <!-- Default test -->
  </suite> <!-- Default suite -->
</testng-results>
